<?xml version="1.0" encoding="UTF-8"?>
<!-- Generated by org.testng.reporters.JUnitXMLReporter -->
<testsuite hostname="ayman-saeed" ignored="0" name="Default test" tests="3" failures="0" timestamp="2021-12-18T23:33:18 EET" time="58.319" errors="0">
  <testcase name="HoverOnHotel_InviewedList" time="47.21" classname="Tests.Hotel_Reserve"/>
  <testcase name="Validate_HoveredHotel_AgainstTheOneInMap" time="1.345" classname="Tests.Hotel_Reserve"/>
  <testcase name="Validate_ReservationData" time="9.697" classname="Tests.Hotel_Reserve"/>
</testsuite> <!-- Default test -->
